<?xml version="1.0" encoding="UTF-8"?>
<!-- Generated by org.testng.reporters.JUnitReportReporter -->
<testsuite hostname="HARSHIT" failures="0" tests="3" name="JEnkinsCICDdemoTest.BrowserCommand" time="16.140" errors="0" timestamp="2026-07-20T16:03:42 IST" skipped="0">
  <testcase classname="JEnkinsCICDdemoTest.BrowserCommand" name="ChromeBrowserTest" time="3.567"/>
  <testcase classname="JEnkinsCICDdemoTest.BrowserCommand" name="FirefoxBrowserTest" time="8.801"/>
  <testcase classname="JEnkinsCICDdemoTest.BrowserCommand" name="EdgeBrowserTest" time="3.772"/>
</testsuite> <!-- JEnkinsCICDdemoTest.BrowserCommand -->
