<?xml version="1.0" encoding="UTF-8"?>
<!-- Generated by org.testng.reporters.JUnitXMLReporter -->
<testsuite ignored="0" hostname="HARSHIT" failures="1" tests="3" name="Default test" time="42.23" errors="0" timestamp="2026-07-29T10:33:47 IST">
  <testcase classname="PageFactory.Login" name="login" time="10.821"/>
  <testcase classname="PageFactory.Login" name="slopecalculator" time="20.735"/>
  <testcase classname="PageFactory.Login" name="slopecal" time="3.727">
    <failure type="org.openqa.selenium.ElementClickInterceptedException" message="element click intercepted: Element &amp;lt;input type=&amp;quot;button&amp;quot; value=&amp;quot;Calculate&amp;quot; onclick=&amp;quot;calculate()&amp;quot; style=&amp;quot;visibility: visible;&amp;quot;&amp;gt; is not clickable at point (361, 473). Other element would receive the click: &amp;lt;iframe id=&amp;quot;aswift_4&amp;quot; name=&amp;quot;aswift_4&amp;quot; style=&amp;quot;min-height: auto; max-height: none; min-width: auto; max-width: none; width: 1005px !important; height: 124px !important; display: block; margin: 0px auto;&amp;quot; sandbox=&amp;quot;allow-forms allow-popups allow-popups-to-escape-sandbox allow-same-origin allow-scripts allow-top-navigation-by-user-activation&amp;quot; width=&amp;quot;1005&amp;quot; height=&amp;quot;124&amp;quot; frameborder=&amp;quot;0&amp;quot; marginwidth=&amp;quot;0&amp;quot; marginheight=&amp;quot;0&amp;quot; vspace=&amp;quot;0&amp;quot; hspace=&amp;quot;0&amp;quot; allowtransparency=&amp;quot;true&amp;quot; scrolling=&amp;quot;no&amp;quot; allow=&amp;quot;attribution-reporting; run-ad-auction&amp;quot; src=&amp;quot;https://googleads.g.doubleclick.net/pagead/html/r20260721/r20190131/zrt_lookup_fy2021.html#RS-0-&amp;amp;amp;adk=1812271801&amp;amp;amp;client=ca-pub-5279176980875369&amp;amp;amp;fa=1&amp;amp;amp;ifi=5&amp;amp;amp;uci=a!5&amp;amp;amp;btvi=2&amp;quot; data-google-container-id=&amp;quot;a!5&amp;quot; tabindex=&amp;quot;0&amp;quot; title=&amp;quot;Advertisement&amp;quot; aria-label=&amp;quot;Advertisement&amp;quot; data-google-query-id=&amp;quot;CJ_16ImO95UDFRmnYwYd5kMNPg&amp;quot; data-load-complete=&amp;quot;true&amp;quot;&amp;gt;&amp;lt;/iframe&amp;gt;
  (Session info: chrome=150.0.7871.187)
Build info: version: &amp;apos;4.45.0&amp;apos;, revision: &amp;apos;cd6a3cd cd6a3cdfca6970f62e5bc8344109d0fe0e2af05e&amp;apos;
System info: os.name: &amp;apos;Windows 11&amp;apos;, os.arch: &amp;apos;amd64&amp;apos;, os.version: &amp;apos;10.0&amp;apos;, java.version: &amp;apos;26.0.1&amp;apos;
Driver info: org.openqa.selenium.chrome.ChromeDriver
Command: [63c4477bd705171f6e4a5c3e31e83f52, clickElement {id=f.2EF9849AF1E7F1B6E0C6C58A34FA606B.d.3063EB69B879CA0EB44BC3780272EC51.e.117}]
Capabilities {acceptInsecureCerts: false, browserName: chrome, browserVersion: 150.0.7871.187, chrome: {chromedriverVersion: 150.0.7871.124 (9261fd0a595..., userDataDir: C:\Users\chaud\AppData\Loca...}, fedcm:accounts: true, goog:chromeOptions: {debuggerAddress: localhost:58189}, goog:processID: 6148, networkConnectionEnabled: false, pageLoadStrategy: normal, platformName: windows, proxy: Proxy(), se:cdp: ws://localhost:58189/devtoo..., se:cdpVersion: 150.0.7871.187, setWindowRect: true, strictFileInteractability: false, timeouts: {implicit: 0, pageLoad: 300000, script: 30000}, unhandledPromptBehavior: dismiss and notify, webauthn:extension:credBlob: true, webauthn:extension:largeBlob: true, webauthn:extension:minPinLength: true, webauthn:extension:prf: true, webauthn:virtualAuthenticators: true}
Element: [[ChromeDriver: chrome on windows (63c4477bd705171f6e4a5c3e31e83f52)] -&amp;gt; xpath: //input[@value=&amp;apos;Calculate&amp;apos;]]
Session ID: 63c4477bd705171f6e4a5c3e31e83f52">
      <![CDATA[org.openqa.selenium.ElementClickInterceptedException: element click intercepted: Element <input type="button" value="Calculate" onclick="calculate()" style="visibility: visible;"> is not clickable at point (361, 473). Other element would receive the click: <iframe id="aswift_4" name="aswift_4" style="min-height: auto; max-height: none; min-width: auto; max-width: none; width: 1005px !important; height: 124px !important; display: block; margin: 0px auto;" sandbox="allow-forms allow-popups allow-popups-to-escape-sandbox allow-same-origin allow-scripts allow-top-navigation-by-user-activation" width="1005" height="124" frameborder="0" marginwidth="0" marginheight="0" vspace="0" hspace="0" allowtransparency="true" scrolling="no" allow="attribution-reporting; run-ad-auction" src="https://googleads.g.doubleclick.net/pagead/html/r20260721/r20190131/zrt_lookup_fy2021.html#RS-0-&amp;adk=1812271801&amp;client=ca-pub-5279176980875369&amp;fa=1&amp;ifi=5&amp;uci=a!5&amp;btvi=2" data-google-container-id="a!5" tabindex="0" title="Advertisement" aria-label="Advertisement" data-google-query-id="CJ_16ImO95UDFRmnYwYd5kMNPg" data-load-complete="true"></iframe>
  (Session info: chrome=150.0.7871.187)
Build info: version: '4.45.0', revision: 'cd6a3cd cd6a3cdfca6970f62e5bc8344109d0fe0e2af05e'
System info: os.name: 'Windows 11', os.arch: 'amd64', os.version: '10.0', java.version: '26.0.1'
Driver info: org.openqa.selenium.chrome.ChromeDriver
Command: [63c4477bd705171f6e4a5c3e31e83f52, clickElement {id=f.2EF9849AF1E7F1B6E0C6C58A34FA606B.d.3063EB69B879CA0EB44BC3780272EC51.e.117}]
Capabilities {acceptInsecureCerts: false, browserName: chrome, browserVersion: 150.0.7871.187, chrome: {chromedriverVersion: 150.0.7871.124 (9261fd0a595..., userDataDir: C:\Users\chaud\AppData\Loca...}, fedcm:accounts: true, goog:chromeOptions: {debuggerAddress: localhost:58189}, goog:processID: 6148, networkConnectionEnabled: false, pageLoadStrategy: normal, platformName: windows, proxy: Proxy(), se:cdp: ws://localhost:58189/devtoo..., se:cdpVersion: 150.0.7871.187, setWindowRect: true, strictFileInteractability: false, timeouts: {implicit: 0, pageLoad: 300000, script: 30000}, unhandledPromptBehavior: dismiss and notify, webauthn:extension:credBlob: true, webauthn:extension:largeBlob: true, webauthn:extension:minPinLength: true, webauthn:extension:prf: true, webauthn:virtualAuthenticators: true}
Element: [[ChromeDriver: chrome on windows (63c4477bd705171f6e4a5c3e31e83f52)] -> xpath: //input[@value='Calculate']]
Session ID: 63c4477bd705171f6e4a5c3e31e83f52
at org.openqa.selenium.remote.ErrorCodec.decode(ErrorCodec.java:169)
at org.openqa.selenium.remote.codec.w3c.W3CHttpResponseCodec.decode(W3CHttpResponseCodec.java:143)
at org.openqa.selenium.remote.codec.w3c.W3CHttpResponseCodec.decode(W3CHttpResponseCodec.java:50)
at org.openqa.selenium.remote.HttpCommandExecutor.execute(HttpCommandExecutor.java:196)
at org.openqa.selenium.remote.service.DriverCommandExecutor.invokeExecute(DriverCommandExecutor.java:217)
at org.openqa.selenium.remote.service.DriverCommandExecutor.execute(DriverCommandExecutor.java:175)
at org.openqa.selenium.remote.RemoteWebDriver.execute(RemoteWebDriver.java:575)
at org.openqa.selenium.remote.RemoteWebElement.execute(RemoteWebElement.java:225)
at org.openqa.selenium.remote.RemoteWebElement.click(RemoteWebElement.java:79)
at java.base/jdk.internal.reflect.DirectMethodHandleAccessor.invoke(DirectMethodHandleAccessor.java:104)
at java.base/java.lang.reflect.Method.invoke(Method.java:565)
at org.openqa.selenium.support.pagefactory.internal.LocatingElementHandler.invoke(LocatingElementHandler.java:51)
at jdk.proxy2/jdk.proxy2.$Proxy12.click(Unknown Source)
at Pages.slopecalculator.calculateSlope(slopecalculator.java:38)
at PageFactory.Login.slopecal(Login.java:57)
at java.base/jdk.internal.reflect.DirectMethodHandleAccessor.invoke(DirectMethodHandleAccessor.java:104)
at java.base/java.lang.reflect.Method.invoke(Method.java:565)
at org.testng.internal.invokers.MethodInvocationHelper.invokeMethod(MethodInvocationHelper.java:141)
at org.testng.internal.invokers.TestInvoker.invokeMethod(TestInvoker.java:697)
at org.testng.internal.invokers.TestInvoker.invokeTestMethod(TestInvoker.java:230)
at org.testng.internal.invokers.MethodRunner.runInSequence(MethodRunner.java:63)
at org.testng.internal.invokers.TestInvoker$MethodInvocationAgent.invoke(TestInvoker.java:1005)
at org.testng.internal.invokers.TestInvoker.invokeTestMethods(TestInvoker.java:203)
at org.testng.internal.invokers.TestMethodWorker.invokeTestMethods(TestMethodWorker.java:154)
at org.testng.internal.invokers.TestMethodWorker.run(TestMethodWorker.java:134)
at java.base/java.util.ArrayList.forEach(ArrayList.java:1612)
at org.testng.TestRunner.privateRun(TestRunner.java:744)
at org.testng.TestRunner.run(TestRunner.java:616)
at org.testng.SuiteRunner.runTest(SuiteRunner.java:421)
at org.testng.SuiteRunner.runSequentially(SuiteRunner.java:413)
at org.testng.SuiteRunner.privateRun(SuiteRunner.java:373)
at org.testng.SuiteRunner.run(SuiteRunner.java:312)
at org.testng.SuiteRunnerWorker.runSuite(SuiteRunnerWorker.java:52)
at org.testng.SuiteRunnerWorker.run(SuiteRunnerWorker.java:95)
at org.testng.TestNG.runSuitesSequentially(TestNG.java:1274)
at org.testng.TestNG.runSuitesLocally(TestNG.java:1208)
at org.testng.TestNG.runSuites(TestNG.java:1112)
at org.testng.TestNG.run(TestNG.java:1079)
at org.testng.remote.AbstractRemoteTestNG.run(AbstractRemoteTestNG.java:115)
at org.testng.remote.RemoteTestNG.initAndRun(RemoteTestNG.java:293)
at org.testng.remote.RemoteTestNG.main(RemoteTestNG.java:91)
]]>
    </failure>
  </testcase> <!-- slopecal -->
</testsuite> <!-- Default test -->
