<?xml version="1.0" encoding="UTF-8"?>
<testng-results ignored="0" total="1" passed="1" failed="0" skipped="0">
  <reporter-output>
  </reporter-output>
  <suite started-at="2026-07-18T10:12:43 IST" name="Default suite" finished-at="2026-07-18T10:13:04 IST" duration-ms="21233">
    <groups>
    </groups>
    <test started-at="2026-07-18T10:12:43 IST" name="Default test" finished-at="2026-07-18T10:13:04 IST" duration-ms="21233">
      <class name="SeleniumWebDriverActions.MouseOverMoments">
        <test-method signature="mouseover()[pri:0, instance:SeleniumWebDriverActions.MouseOverMoments@35e2d654]" started-at="2026-07-18T10:12:43 IST" name="mouseover" finished-at="2026-07-18T10:13:04 IST" duration-ms="21159" status="PASS">
          <reporter-output>
          </reporter-output>
        </test-method> <!-- mouseover -->
      </class> <!-- SeleniumWebDriverActions.MouseOverMoments -->
    </test> <!-- Default test -->
  </suite> <!-- Default suite -->
</testng-results>
