<?xml version="1.0" encoding="UTF-8"?>
<!-- Generated by org.testng.reporters.JUnitXMLReporter -->
<testsuite ignored="0" hostname="HARSHIT" failures="1" tests="11" name="Test" time="160.222" errors="0" timestamp="2026-07-21T10:27:00 IST">
  <testcase classname="NavigationCommand.BrowserNavigationTest" name="@BeforeMethod setup" time="-1.784609705352E9">
    <failure type="org.testng.TestNGException" message="
Parameter &amp;apos;browser&amp;apos; is required by BeforeMethod on method setup but has not been marked @Optional or defined
in C:\Automation_Browser\SeleniumWebDriverAllureReports\testng.xml">
      <![CDATA[org.testng.TestNGException: 
Parameter 'browser' is required by BeforeMethod on method setup but has not been marked @Optional or defined
in C:\Automation_Browser\SeleniumWebDriverAllureReports\testng.xml
at java.base/java.util.ArrayList.forEach(ArrayList.java:1596)
... Removed 28 stack frames]]>
    </failure>
  </testcase> <!-- @BeforeMethod setup -->
  <testcase classname="NavigationCommand.BrowserNavigationTest" name="@AfterMethod tearDown" time="0.0">
    <skipped/>
  </testcase> <!-- @AfterMethod tearDown -->
  <testcase classname="iFramesMultipleFrames.iFramesMultipleFrames" name="Frames" time="40.825"/>
  <testcase classname="com.EasyCal.TestCase.ExecutionLoginPage" name="Validity" time="4.14"/>
  <testcase classname="NavigationCommand.BrowserNavigationTest" name="navigationTest" time="0.0">
    <skipped/>
  </testcase> <!-- navigationTest -->
  <testcase classname="webDriiver.commands.BrowserCommand" name="ChromeBrowserTest" time="5.983"/>
  <testcase classname="webDriiver.commands.BrowserCommand" name="FirefoxBrowserTest" time="9.651"/>
  <testcase classname="webDriiver.commands.BrowserCommand" name="EdgeBrowserTest" time="5.258"/>
  <testcase classname="SeleniumAlerts.Alertsselenium" name="Testpopup" time="11.543">
    <failure type="java.lang.AssertionError" message="expected [You clicked: Cancel] but found [You clicked: Ok]">
      <![CDATA[java.lang.AssertionError: expected [You clicked: Cancel] but found [You clicked: Ok]
at SeleniumAlerts.Alertsselenium.Testpopup(Alertsselenium.java:32)
at java.base/java.util.ArrayList.forEach(ArrayList.java:1596)
... Removed 31 stack frames]]>
    </failure>
  </testcase> <!-- Testpopup -->
  <testcase classname="NavigationCommand.Navigation_Command" name="NavigateBackward" time="6.383"/>
  <testcase classname="NavigationCommand.Navigation_Command" name="NavigateForward" time="14.139"/>
  <testcase classname="NavigationCommand.Navigation_Command" name="RefreshMethod" time="12.216"/>
  <testcase classname="RadioButtons.SpicejetButtons" name="setup" time="49.662"/>
</testsuite> <!-- Test -->
