<?xml version="1.0" encoding="UTF-8"?>
<!-- Generated by org.testng.reporters.JUnitReportReporter -->
<testsuite hostname="HARSHIT" failures="0" tests="3" name="NavigationCommand.Navigation_Command" time="32.738" errors="0" timestamp="2026-07-21T10:27:01 IST" skipped="0">
  <testcase classname="NavigationCommand.Navigation_Command" name="NavigateForward" time="14.139"/>
  <testcase classname="NavigationCommand.Navigation_Command" name="RefreshMethod" time="12.216"/>
  <testcase classname="NavigationCommand.Navigation_Command" name="NavigateBackward" time="6.383"/>
</testsuite> <!-- NavigationCommand.Navigation_Command -->
