<?xml version="1.0" encoding="UTF-8"?>
<!-- Generated by org.testng.reporters.JUnitReportReporter -->
<testsuite hostname="HARSHIT" failures="0" tests="3" name="webDriiver.commands.BrowserCommand" time="20.892" errors="0" timestamp="2026-07-21T10:27:01 IST" skipped="0">
  <testcase classname="webDriiver.commands.BrowserCommand" name="ChromeBrowserTest" time="5.983"/>
  <testcase classname="webDriiver.commands.BrowserCommand" name="FirefoxBrowserTest" time="9.651"/>
  <testcase classname="webDriiver.commands.BrowserCommand" name="EdgeBrowserTest" time="5.258"/>
</testsuite> <!-- webDriiver.commands.BrowserCommand -->
