<?xml version="1.0" encoding="UTF-8"?>
<!-- Generated by org.testng.reporters.JUnitXMLReporter -->
<testsuite ignored="0" hostname="HARSHIT" failures="1" tests="1" name="Firefox Test" time="17.967" errors="0" timestamp="2026-07-15T12:10:28 IST">
  <testcase classname="NavigationCommand.BrowserNavigationTest" name="navigationTest" time="13.721">
    <failure type="org.openqa.selenium.WebDriverException" message="Failed to decode response from marionette
Build info: version: &amp;apos;4.45.0&amp;apos;, revision: &amp;apos;cd6a3cd cd6a3cdfca6970f62e5bc8344109d0fe0e2af05e&amp;apos;
System info: os.name: &amp;apos;Windows 11&amp;apos;, os.arch: &amp;apos;amd64&amp;apos;, os.version: &amp;apos;10.0&amp;apos;, java.version: &amp;apos;21.0.11&amp;apos;
Driver info: org.openqa.selenium.firefox.FirefoxDriver
Command: [84606a1a-758a-414e-bfc5-222f52d0e1d1, refresh {}]
Capabilities {acceptInsecureCerts: true, browserName: firefox, browserVersion: 152.0.6, moz:accessibilityChecks: false, moz:buildID: 20260713164047, moz:geckodriverVersion: 0.37.0, moz:headless: false, moz:platformVersion: 10.0, moz:processID: 32376, moz:profile: C:\Users\chaud\AppData\Loca..., moz:shutdownTimeout: 60000, moz:webdriverClick: true, moz:windowless: false, pageLoadStrategy: normal, platformName: windows, proxy: Proxy(), setWindowRect: true, strictFileInteractability: false, timeouts: {implicit: 0, pageLoad: 300000, script: 30000}, unhandledPromptBehavior: dismiss and notify, userAgent: Mozilla/5.0 (Windows NT 10....}
Session ID: 84606a1a-758a-414e-bfc5-222f52d0e1d1">
      <![CDATA[org.openqa.selenium.WebDriverException: Failed to decode response from marionette
Build info: version: '4.45.0', revision: 'cd6a3cd cd6a3cdfca6970f62e5bc8344109d0fe0e2af05e'
System info: os.name: 'Windows 11', os.arch: 'amd64', os.version: '10.0', java.version: '21.0.11'
Driver info: org.openqa.selenium.firefox.FirefoxDriver
Command: [84606a1a-758a-414e-bfc5-222f52d0e1d1, refresh {}]
Capabilities {acceptInsecureCerts: true, browserName: firefox, browserVersion: 152.0.6, moz:accessibilityChecks: false, moz:buildID: 20260713164047, moz:geckodriverVersion: 0.37.0, moz:headless: false, moz:platformVersion: 10.0, moz:processID: 32376, moz:profile: C:\Users\chaud\AppData\Loca..., moz:shutdownTimeout: 60000, moz:webdriverClick: true, moz:windowless: false, pageLoadStrategy: normal, platformName: windows, proxy: Proxy(), setWindowRect: true, strictFileInteractability: false, timeouts: {implicit: 0, pageLoad: 300000, script: 30000}, unhandledPromptBehavior: dismiss and notify, userAgent: Mozilla/5.0 (Windows NT 10....}
Session ID: 84606a1a-758a-414e-bfc5-222f52d0e1d1
at org.openqa.selenium.remote.ErrorCodec.decode(ErrorCodec.java:169)
at org.openqa.selenium.remote.codec.w3c.W3CHttpResponseCodec.decode(W3CHttpResponseCodec.java:143)
at org.openqa.selenium.remote.codec.w3c.W3CHttpResponseCodec.decode(W3CHttpResponseCodec.java:50)
at org.openqa.selenium.remote.HttpCommandExecutor.execute(HttpCommandExecutor.java:196)
at org.openqa.selenium.remote.service.DriverCommandExecutor.invokeExecute(DriverCommandExecutor.java:217)
at org.openqa.selenium.remote.service.DriverCommandExecutor.execute(DriverCommandExecutor.java:175)
at org.openqa.selenium.remote.RemoteWebDriver.execute(RemoteWebDriver.java:575)
at org.openqa.selenium.remote.RemoteWebDriver.execute(RemoteWebDriver.java:657)
at org.openqa.selenium.remote.RemoteWebDriver.execute(RemoteWebDriver.java:661)
at org.openqa.selenium.remote.RemoteWebDriver$RemoteNavigation.refresh(RemoteWebDriver.java:1201)
at NavigationCommand.BrowserNavigationTest.navigationTest(BrowserNavigationTest.java:46)
at java.base/java.util.ArrayList.forEach(ArrayList.java:1596)
... Removed 25 stack frames]]>
    </failure>
  </testcase> <!-- navigationTest -->
</testsuite> <!-- Firefox Test -->
