<?xml version="1.0" encoding="UTF-8"?>
<testng-results ignored="0" total="3" passed="3" failed="0" skipped="0">
  <reporter-output>
  </reporter-output>
  <suite started-at="2026-07-14T16:20:24 IST" name="Default suite" finished-at="2026-07-14T16:20:41 IST" duration-ms="17852">
    <groups>
    </groups>
    <test started-at="2026-07-14T16:20:24 IST" name="Default test" finished-at="2026-07-14T16:20:41 IST" duration-ms="17852">
      <class name="webDriiver.commands.BrowserCommand">
        <test-method signature="ChromeBrowserTest()[pri:0, instance:webDriiver.commands.BrowserCommand@7b2bbc3]" started-at="2026-07-14T16:20:24 IST" name="ChromeBrowserTest" finished-at="2026-07-14T16:20:28 IST" duration-ms="4185" status="PASS">
          <reporter-output>
          </reporter-output>
        </test-method> <!-- ChromeBrowserTest -->
        <test-method signature="FirefoxBrowserTest()[pri:1, instance:webDriiver.commands.BrowserCommand@7b2bbc3]" started-at="2026-07-14T16:20:28 IST" name="FirefoxBrowserTest" finished-at="2026-07-14T16:20:39 IST" duration-ms="10866" status="PASS">
          <reporter-output>
          </reporter-output>
        </test-method> <!-- FirefoxBrowserTest -->
        <test-method signature="EdgeBrowserTest()[pri:2, instance:webDriiver.commands.BrowserCommand@7b2bbc3]" started-at="2026-07-14T16:20:39 IST" name="EdgeBrowserTest" finished-at="2026-07-14T16:20:41 IST" duration-ms="2719" status="PASS">
          <reporter-output>
          </reporter-output>
        </test-method> <!-- EdgeBrowserTest -->
      </class> <!-- webDriiver.commands.BrowserCommand -->
    </test> <!-- Default test -->
  </suite> <!-- Default suite -->
</testng-results>
