<?xml version="1.0" encoding="UTF-8"?>
<!-- Generated by org.testng.reporters.JUnitXMLReporter -->
<testsuite ignored="0" hostname="HARSHIT" failures="0" tests="3" name="Default test" time="17.852" errors="0" timestamp="2026-07-14T16:20:41 IST">
  <testcase classname="webDriiver.commands.BrowserCommand" name="ChromeBrowserTest" time="4.185"/>
  <testcase classname="webDriiver.commands.BrowserCommand" name="FirefoxBrowserTest" time="10.866"/>
  <testcase classname="webDriiver.commands.BrowserCommand" name="EdgeBrowserTest" time="2.719"/>
</testsuite> <!-- Default test -->
