<?xml version="1.0" encoding="UTF-8"?>
<testng-results ignored="0" total="1" passed="1" failed="0" skipped="0">
  <reporter-output>
  </reporter-output>
  <suite started-at="2026-07-17T10:55:42 IST" name="Default suite" finished-at="2026-07-17T10:56:14 IST" duration-ms="31686">
    <groups>
    </groups>
    <test started-at="2026-07-17T10:55:42 IST" name="Default test" finished-at="2026-07-17T10:56:14 IST" duration-ms="31686">
      <class name="DropDownElement.Handling_DropDown">
        <test-method is-config="true" signature="Setup()[pri:0, instance:DropDownElement.Handling_DropDown@2f4948e4]" started-at="2026-07-17T10:55:42 IST" name="Setup" finished-at="2026-07-17T10:55:53 IST" duration-ms="10561" status="PASS">
          <reporter-output>
          </reporter-output>
        </test-method> <!-- Setup -->
        <test-method signature="DropDownList()[pri:0, instance:DropDownElement.Handling_DropDown@2f4948e4]" started-at="2026-07-17T10:55:53 IST" name="DropDownList" finished-at="2026-07-17T10:56:14 IST" duration-ms="21003" status="PASS">
          <reporter-output>
          </reporter-output>
        </test-method> <!-- DropDownList -->
      </class> <!-- DropDownElement.Handling_DropDown -->
    </test> <!-- Default test -->
  </suite> <!-- Default suite -->
</testng-results>
