<?xml version="1.0" encoding="UTF-8"?>
<!-- Generated by org.testng.reporters.JUnitReportReporter -->
<testsuite hostname="HARSHIT" failures="0" tests="3" name="webDriiver.commands.BrowserCommand" time="17.770" errors="0" timestamp="2026-07-14T16:20:42 IST" skipped="0">
  <testcase classname="webDriiver.commands.BrowserCommand" name="ChromeBrowserTest" time="4.185"/>
  <testcase classname="webDriiver.commands.BrowserCommand" name="FirefoxBrowserTest" time="10.866"/>
  <testcase classname="webDriiver.commands.BrowserCommand" name="EdgeBrowserTest" time="2.719"/>
</testsuite> <!-- webDriiver.commands.BrowserCommand -->
